{"C:\\Users\\TOSHIBA\\Desktop\\Curo React\\02-first-steps\\src\\FirstStepsApp.tsx": {"path":"C:\\Users\\TOSHIBA\\Desktop\\Curo React\\02-first-steps\\src\\FirstStepsApp.tsx","all":false,"statementMap":{"0":{"start":{"line":1,"column":0},"end":{"line":1,"column":56}},"7":{"start":{"line":8,"column":0},"end":{"line":8,"column":34}},"8":{"start":{"line":9,"column":0},"end":{"line":9,"column":50}},"9":{"start":{"line":10,"column":0},"end":{"line":10,"column":43}},"10":{"start":{"line":11,"column":0},"end":{"line":11,"column":39}},"11":{"start":{"line":12,"column":0},"end":{"line":12,"column":1}},"13":{"start":{"line":14,"column":0},"end":{"line":14,"column":32}},"14":{"start":{"line":15,"column":0},"end":{"line":15,"column":11}},"15":{"start":{"line":16,"column":0},"end":{"line":16,"column":10}},"16":{"start":{"line":17,"column":0},"end":{"line":17,"column":35}},"18":{"start":{"line":19,"column":0},"end":{"line":19,"column":43}},"19":{"start":{"line":20,"column":0},"end":{"line":20,"column":105}},"32":{"start":{"line":33,"column":0},"end":{"line":33,"column":1}}},"s":{"0":1,"7":1,"8":1,"9":1,"10":1,"11":1,"13":1,"14":3,"15":3,"16":3,"18":3,"19":3,"32":3},"branchMap":{"0":{"type":"branch","line":14,"loc":{"start":{"line":14,"column":7},"end":{"line":33,"column":1}},"locations":[{"start":{"line":14,"column":7},"end":{"line":33,"column":1}}]}},"b":{"0":[3]},"fnMap":{"0":{"name":"FirstStepsApp","decl":{"start":{"line":14,"column":7},"end":{"line":33,"column":1}},"loc":{"start":{"line":14,"column":7},"end":{"line":33,"column":1}},"line":14}},"f":{"0":3}}
,"C:\\Users\\TOSHIBA\\Desktop\\Curo React\\02-first-steps\\src\\MyAwesomeApp.tsx": {"path":"C:\\Users\\TOSHIBA\\Desktop\\Curo React\\02-first-steps\\src\\MyAwesomeApp.tsx","all":false,"statementMap":{"2":{"start":{"line":3,"column":0},"end":{"line":3,"column":27}},"3":{"start":{"line":4,"column":0},"end":{"line":4,"column":25}},"4":{"start":{"line":5,"column":0},"end":{"line":5,"column":57}},"5":{"start":{"line":6,"column":0},"end":{"line":6,"column":22}},"6":{"start":{"line":7,"column":0},"end":{"line":7,"column":15}},"7":{"start":{"line":8,"column":0},"end":{"line":8,"column":22}},"8":{"start":{"line":9,"column":0},"end":{"line":9,"column":20}},"9":{"start":{"line":10,"column":0},"end":{"line":10,"column":1}},"10":{"start":{"line":11,"column":0},"end":{"line":11,"column":30}},"11":{"start":{"line":12,"column":0},"end":{"line":12,"column":30}},"12":{"start":{"line":13,"column":0},"end":{"line":13,"column":25}},"13":{"start":{"line":14,"column":0},"end":{"line":14,"column":20}},"14":{"start":{"line":15,"column":0},"end":{"line":15,"column":1}},"15":{"start":{"line":16,"column":0},"end":{"line":16,"column":31}},"17":{"start":{"line":18,"column":0},"end":{"line":18,"column":8}},"18":{"start":{"line":19,"column":0},"end":{"line":19,"column":27}},"20":{"start":{"line":21,"column":0},"end":{"line":21,"column":53}},"21":{"start":{"line":22,"column":0},"end":{"line":22,"column":19}},"22":{"start":{"line":23,"column":0},"end":{"line":23,"column":32}},"23":{"start":{"line":24,"column":0},"end":{"line":24,"column":43}},"24":{"start":{"line":25,"column":0},"end":{"line":25,"column":2}},"25":{"start":{"line":26,"column":0},"end":{"line":26,"column":19}},"26":{"start":{"line":27,"column":0},"end":{"line":27,"column":30}},"30":{"start":{"line":31,"column":0},"end":{"line":31,"column":1}}},"s":{"2":1,"3":1,"4":1,"5":1,"6":1,"7":1,"8":1,"9":1,"10":1,"11":1,"12":1,"13":1,"14":1,"15":1,"17":4,"18":4,"20":4,"21":4,"22":4,"23":4,"24":4,"25":4,"26":4,"30":4},"branchMap":{"0":{"type":"branch","line":16,"loc":{"start":{"line":16,"column":26},"end":{"line":31,"column":1}},"locations":[{"start":{"line":16,"column":26},"end":{"line":31,"column":1}}]},"1":{"type":"branch","line":24,"loc":{"start":{"line":24,"column":16},"end":{"line":24,"column":43}},"locations":[{"start":{"line":24,"column":16},"end":{"line":24,"column":43}}]}},"b":{"0":[4],"1":[0]},"fnMap":{"0":{"name":"MyAwesomeApp","decl":{"start":{"line":16,"column":26},"end":{"line":31,"column":1}},"loc":{"start":{"line":16,"column":26},"end":{"line":31,"column":1}},"line":16}},"f":{"0":4}}
,"C:\\Users\\TOSHIBA\\Desktop\\Curo React\\02-first-steps\\src\\main.tsx": {"path":"C:\\Users\\TOSHIBA\\Desktop\\Curo React\\02-first-steps\\src\\main.tsx","all":true,"statementMap":{"0":{"start":{"line":1,"column":0},"end":{"line":1,"column":34}},"1":{"start":{"line":2,"column":0},"end":{"line":2,"column":45}},"2":{"start":{"line":3,"column":0},"end":{"line":3,"column":47}},"3":{"start":{"line":4,"column":0},"end":{"line":4,"column":45}},"4":{"start":{"line":5,"column":0},"end":{"line":5,"column":0}},"5":{"start":{"line":6,"column":0},"end":{"line":6,"column":0}},"6":{"start":{"line":7,"column":0},"end":{"line":7,"column":52}},"7":{"start":{"line":8,"column":0},"end":{"line":8,"column":14}},"8":{"start":{"line":9,"column":0},"end":{"line":9,"column":21}},"9":{"start":{"line":10,"column":0},"end":{"line":10,"column":0}},"10":{"start":{"line":11,"column":0},"end":{"line":11,"column":26}},"11":{"start":{"line":12,"column":0},"end":{"line":12,"column":0}},"12":{"start":{"line":13,"column":0},"end":{"line":13,"column":0}},"13":{"start":{"line":14,"column":0},"end":{"line":14,"column":15}},"14":{"start":{"line":15,"column":0},"end":{"line":15,"column":1}}},"s":{"0":0,"1":0,"2":0,"3":0,"4":0,"5":0,"6":0,"7":0,"8":0,"9":0,"10":0,"11":0,"12":0,"13":0,"14":0},"branchMap":{"0":{"type":"branch","line":1,"loc":{"start":{"line":1,"column":0},"end":{"line":15,"column":1}},"locations":[{"start":{"line":1,"column":0},"end":{"line":15,"column":1}}]}},"b":{"0":[0]},"fnMap":{"0":{"name":"(empty-report)","decl":{"start":{"line":1,"column":0},"end":{"line":15,"column":1}},"loc":{"start":{"line":1,"column":0},"end":{"line":15,"column":1}},"line":1}},"f":{"0":0}}
,"C:\\Users\\TOSHIBA\\Desktop\\Curo React\\02-first-steps\\src\\helpers\\math.helper.ts": {"path":"C:\\Users\\TOSHIBA\\Desktop\\Curo React\\02-first-steps\\src\\helpers\\math.helper.ts","all":false,"statementMap":{"0":{"start":{"line":1,"column":0},"end":{"line":1,"column":42}},"1":{"start":{"line":2,"column":0},"end":{"line":2,"column":15}},"2":{"start":{"line":3,"column":0},"end":{"line":3,"column":1}},"3":{"start":{"line":4,"column":0},"end":{"line":4,"column":47}},"4":{"start":{"line":5,"column":0},"end":{"line":5,"column":15}},"5":{"start":{"line":6,"column":0},"end":{"line":6,"column":1}},"6":{"start":{"line":7,"column":0},"end":{"line":7,"column":47}},"7":{"start":{"line":8,"column":0},"end":{"line":8,"column":15}},"8":{"start":{"line":9,"column":0},"end":{"line":9,"column":1}},"9":{"start":{"line":10,"column":0},"end":{"line":10,"column":45}},"10":{"start":{"line":11,"column":0},"end":{"line":11,"column":15}},"11":{"start":{"line":12,"column":0},"end":{"line":12,"column":1}}},"s":{"0":1,"1":1,"2":1,"3":1,"4":1,"5":1,"6":1,"7":1,"8":1,"9":1,"10":0,"11":0},"branchMap":{"0":{"type":"branch","line":1,"loc":{"start":{"line":1,"column":19},"end":{"line":3,"column":1}},"locations":[{"start":{"line":1,"column":19},"end":{"line":3,"column":1}}]},"1":{"type":"branch","line":4,"loc":{"start":{"line":4,"column":24},"end":{"line":6,"column":1}},"locations":[{"start":{"line":4,"column":24},"end":{"line":6,"column":1}}]},"2":{"type":"branch","line":7,"loc":{"start":{"line":7,"column":24},"end":{"line":9,"column":1}},"locations":[{"start":{"line":7,"column":24},"end":{"line":9,"column":1}}]}},"b":{"0":[1],"1":[1],"2":[1]},"fnMap":{"0":{"name":"add","decl":{"start":{"line":1,"column":19},"end":{"line":3,"column":1}},"loc":{"start":{"line":1,"column":19},"end":{"line":3,"column":1}},"line":1},"1":{"name":"subtract","decl":{"start":{"line":4,"column":24},"end":{"line":6,"column":1}},"loc":{"start":{"line":4,"column":24},"end":{"line":6,"column":1}},"line":4},"2":{"name":"multiply","decl":{"start":{"line":7,"column":24},"end":{"line":9,"column":1}},"loc":{"start":{"line":7,"column":24},"end":{"line":9,"column":1}},"line":7},"3":{"name":"divide","decl":{"start":{"line":10,"column":22},"end":{"line":12,"column":1}},"loc":{"start":{"line":10,"column":22},"end":{"line":12,"column":1}},"line":10}},"f":{"0":1,"1":1,"2":1,"3":0}}
,"C:\\Users\\TOSHIBA\\Desktop\\Curo React\\02-first-steps\\src\\shopping-cart\\ItemCounter.tsx": {"path":"C:\\Users\\TOSHIBA\\Desktop\\Curo React\\02-first-steps\\src\\shopping-cart\\ItemCounter.tsx","all":false,"statementMap":{"0":{"start":{"line":1,"column":0},"end":{"line":1,"column":33}},"2":{"start":{"line":3,"column":0},"end":{"line":3,"column":29}},"3":{"start":{"line":4,"column":0},"end":{"line":4,"column":45}},"9":{"start":{"line":10,"column":0},"end":{"line":10,"column":63}},"10":{"start":{"line":11,"column":0},"end":{"line":11,"column":47}},"12":{"start":{"line":13,"column":0},"end":{"line":13,"column":27}},"13":{"start":{"line":14,"column":0},"end":{"line":14,"column":24}},"14":{"start":{"line":15,"column":0},"end":{"line":15,"column":4}},"15":{"start":{"line":16,"column":0},"end":{"line":16,"column":32}},"16":{"start":{"line":17,"column":0},"end":{"line":17,"column":28}},"17":{"start":{"line":18,"column":0},"end":{"line":18,"column":24}},"18":{"start":{"line":19,"column":0},"end":{"line":19,"column":4}},"19":{"start":{"line":20,"column":0},"end":{"line":20,"column":29}},"20":{"start":{"line":21,"column":0},"end":{"line":21,"column":36}},"21":{"start":{"line":22,"column":0},"end":{"line":22,"column":4}},"22":{"start":{"line":23,"column":0},"end":{"line":23,"column":10}},"23":{"start":{"line":24,"column":0},"end":{"line":24,"column":44}},"24":{"start":{"line":25,"column":0},"end":{"line":25,"column":11}},"26":{"start":{"line":27,"column":0},"end":{"line":27,"column":39}},"27":{"start":{"line":28,"column":0},"end":{"line":28,"column":56}},"29":{"start":{"line":30,"column":0},"end":{"line":30,"column":14}},"31":{"start":{"line":32,"column":0},"end":{"line":32,"column":45}},"32":{"start":{"line":33,"column":0},"end":{"line":33,"column":26}},"33":{"start":{"line":34,"column":0},"end":{"line":34,"column":50}},"36":{"start":{"line":37,"column":0},"end":{"line":37,"column":2}}},"s":{"0":1,"2":1,"3":1,"9":1,"10":6,"12":6,"13":1,"14":1,"15":6,"16":1,"17":1,"18":1,"19":6,"20":0,"21":0,"22":6,"23":6,"24":6,"26":6,"27":6,"29":6,"31":6,"32":6,"33":6,"36":6},"branchMap":{"0":{"type":"branch","line":10,"loc":{"start":{"line":10,"column":27},"end":{"line":37,"column":2}},"locations":[{"start":{"line":10,"column":27},"end":{"line":37,"column":2}}]},"1":{"type":"branch","line":28,"loc":{"start":{"line":28,"column":34},"end":{"line":28,"column":46}},"locations":[{"start":{"line":28,"column":34},"end":{"line":28,"column":46}}]},"2":{"type":"branch","line":28,"loc":{"start":{"line":28,"column":38},"end":{"line":28,"column":54}},"locations":[{"start":{"line":28,"column":38},"end":{"line":28,"column":54}}]},"3":{"type":"branch","line":13,"loc":{"start":{"line":13,"column":20},"end":{"line":15,"column":4}},"locations":[{"start":{"line":13,"column":20},"end":{"line":15,"column":4}}]},"4":{"type":"branch","line":16,"loc":{"start":{"line":16,"column":25},"end":{"line":19,"column":4}},"locations":[{"start":{"line":16,"column":25},"end":{"line":19,"column":4}}]},"5":{"type":"branch","line":17,"loc":{"start":{"line":17,"column":21},"end":{"line":17,"column":28}},"locations":[{"start":{"line":17,"column":21},"end":{"line":17,"column":28}}]}},"b":{"0":[6],"1":[3],"2":[3],"3":[1],"4":[1],"5":[0]},"fnMap":{"0":{"name":"ItemCounter","decl":{"start":{"line":10,"column":27},"end":{"line":37,"column":2}},"loc":{"start":{"line":10,"column":27},"end":{"line":37,"column":2}},"line":10},"1":{"name":"handleAdd","decl":{"start":{"line":13,"column":20},"end":{"line":15,"column":4}},"loc":{"start":{"line":13,"column":20},"end":{"line":15,"column":4}},"line":13},"2":{"name":"handleSubtract","decl":{"start":{"line":16,"column":25},"end":{"line":19,"column":4}},"loc":{"start":{"line":16,"column":25},"end":{"line":19,"column":4}},"line":16},"3":{"name":"handleclick","decl":{"start":{"line":20,"column":22},"end":{"line":22,"column":4}},"loc":{"start":{"line":20,"column":22},"end":{"line":22,"column":4}},"line":20}},"f":{"0":6,"1":1,"2":1,"3":0}}
}
